0 info it worked if it ends with ok
1 verbose cli [ 'D:\\Program Files\\nodejs\\node.exe',
1 verbose cli   'D:\\Program Files\\nodejs\\node_modules\\npm\\bin\\npm-cli.js',
1 verbose cli   'run',
1 verbose cli   'webpack' ]
2 info using npm@4.1.2
3 info using node@v7.5.0
4 verbose run-script [ 'prewebpack', 'webpack', 'postwebpack' ]
5 info lifecycle neteasemusic@1.0.0~prewebpack: neteasemusic@1.0.0
6 silly lifecycle neteasemusic@1.0.0~prewebpack: no script for prewebpack, continuing
7 info lifecycle neteasemusic@1.0.0~webpack: neteasemusic@1.0.0
8 verbose lifecycle neteasemusic@1.0.0~webpack: unsafe-perm in lifecycle true
9 verbose lifecycle neteasemusic@1.0.0~webpack: PATH: D:\Program Files\nodejs\node_modules\npm\bin\node-gyp-bin;F:\饥人谷\网易云音乐毕设\netEaseMusic\node_modules\.bin;C:\Users\楠\bin;D:\Program Files\Git\mingw64\bin;D:\Program Files\Git\usr\local\bin;D:\Program Files\Git\usr\bin;D:\Program Files\Git\usr\bin;D:\Program Files\Git\mingw64\bin;D:\Program Files\Git\usr\bin;C:\Users\楠\bin;C:\WINDOWS\system32;C:\WINDOWS;C:\WINDOWS\System32\Wbem;C:\WINDOWS\System32\WindowsPowerShell\v1.0;D:\Program Files\Git\cmd;D:\Program Files\Git\mingw64\bin;D:\Program Files\Git\usr\bin;D:\Program Files\nodejs;C:\Users\楠\AppData\Local\Programs\Python\Python36-32\Scripts;C:\Users\楠\AppData\Local\Programs\Python\Python36-32;C:\Users\楠\AppData\Local\Microsoft\WindowsApps;D:\Program Files (x86)\Microsoft VS Code\bin;C:\Users\楠\AppData\Roaming\npm;D:\Program Files\Git\usr\bin\vendor_perl;D:\Program Files\Git\usr\bin\core_perl
10 verbose lifecycle neteasemusic@1.0.0~webpack: CWD: F:\饥人谷\网易云音乐毕设\netEaseMusic
11 silly lifecycle neteasemusic@1.0.0~webpack: Args: [ '/d /s /c', 'webpack' ]
12 silly lifecycle neteasemusic@1.0.0~webpack: Returned: code: 4294967295  signal: null
13 info lifecycle neteasemusic@1.0.0~webpack: Failed to exec webpack script
14 verbose stack Error: neteasemusic@1.0.0 webpack: `webpack`
14 verbose stack Exit status 4294967295
14 verbose stack     at EventEmitter.<anonymous> (D:\Program Files\nodejs\node_modules\npm\lib\utils\lifecycle.js:279:16)
14 verbose stack     at emitTwo (events.js:106:13)
14 verbose stack     at EventEmitter.emit (events.js:192:7)
14 verbose stack     at ChildProcess.<anonymous> (D:\Program Files\nodejs\node_modules\npm\lib\utils\spawn.js:40:14)
14 verbose stack     at emitTwo (events.js:106:13)
14 verbose stack     at ChildProcess.emit (events.js:192:7)
14 verbose stack     at maybeClose (internal/child_process.js:890:16)
14 verbose stack     at Process.ChildProcess._handle.onexit (internal/child_process.js:226:5)
15 verbose pkgid neteasemusic@1.0.0
16 verbose cwd F:\饥人谷\网易云音乐毕设\netEaseMusic
17 error Windows_NT 10.0.15063
18 error argv "D:\\Program Files\\nodejs\\node.exe" "D:\\Program Files\\nodejs\\node_modules\\npm\\bin\\npm-cli.js" "run" "webpack"
19 error node v7.5.0
20 error npm  v4.1.2
21 error code ELIFECYCLE
22 error neteasemusic@1.0.0 webpack: `webpack`
22 error Exit status 4294967295
23 error Failed at the neteasemusic@1.0.0 webpack script 'webpack'.
23 error Make sure you have the latest version of node.js and npm installed.
23 error If you do, this is most likely a problem with the neteasemusic package,
23 error not with npm itself.
23 error Tell the author that this fails on your system:
23 error     webpack
23 error You can get information on how to open an issue for this project with:
23 error     npm bugs neteasemusic
23 error Or if that isn't available, you can get their info via:
23 error     npm owner ls neteasemusic
23 error There is likely additional logging output above.
24 verbose exit [ 1, true ]
